0 info it worked if it ends with ok
1 verbose cli [ 'C:\\Program Files\\nodejs\\\\node.exe',
1 verbose cli   'C:\\Program Files\\nodejs\\node_modules\\npm\\bin\\npm-cli.js',
1 verbose cli   'install',
1 verbose cli   'bcrypt' ]
2 info using npm@1.2.18
3 info using node@v0.10.5
4 verbose node symlink C:\Program Files\nodejs\\node.exe
5 verbose read json D:\research\WishList\wishList-1\package.json
6 verbose read json D:\research\WishList\wishList-1\node_modules\ejs\package.json
7 verbose read json D:\research\WishList\wishList-1\node_modules\express\package.json
8 verbose read json D:\research\WishList\wishList-1\node_modules\mongoose\package.json
9 verbose read json D:\research\WishList\wishList-1\node_modules\nconf\package.json
10 verbose read json D:\research\WishList\wishList-1\node_modules\passport\package.json
11 verbose read json D:\research\WishList\wishList-1\node_modules\passport-local\package.json
12 verbose from cache D:\research\WishList\wishList-1\package.json
13 verbose readDependencies using package.json deps
14 verbose cache add [ 'bcrypt', null ]
15 verbose cache add name=undefined spec="bcrypt" args=["bcrypt",null]
16 verbose parsed url { protocol: null,
16 verbose parsed url   slashes: null,
16 verbose parsed url   auth: null,
16 verbose parsed url   host: null,
16 verbose parsed url   port: null,
16 verbose parsed url   hostname: null,
16 verbose parsed url   hash: null,
16 verbose parsed url   search: null,
16 verbose parsed url   query: null,
16 verbose parsed url   pathname: 'bcrypt',
16 verbose parsed url   path: 'bcrypt',
16 verbose parsed url   href: 'bcrypt' }
17 silly lockFile 51684124-bcrypt bcrypt
18 verbose lock bcrypt C:\Users\tommy.wang\AppData\Roaming\npm-cache\51684124-bcrypt.lock
19 silly lockFile 51684124-bcrypt bcrypt
20 silly lockFile 51684124-bcrypt bcrypt
21 verbose addNamed [ 'bcrypt', '' ]
22 verbose addNamed [ null, '' ]
23 silly lockFile 1351601c-bcrypt bcrypt@
24 verbose lock bcrypt@ C:\Users\tommy.wang\AppData\Roaming\npm-cache\1351601c-bcrypt.lock
25 silly addNameRange { name: 'bcrypt', range: '', hasData: false }
26 verbose url raw bcrypt
27 verbose url resolving [ 'https://registry.npmjs.org/', './bcrypt' ]
28 verbose url resolved https://registry.npmjs.org/bcrypt
29 info trying registry request attempt 1 at 17:30:18
30 verbose etag "EY984U1A8C4JUEV13ELMLM8KS"
31 http GET https://registry.npmjs.org/bcrypt
32 http 304 https://registry.npmjs.org/bcrypt
33 silly registry.get cb [ 304,
33 silly registry.get   { server: 'CouchDB/1.3.0 (Erlang OTP/R15B03)',
33 silly registry.get     etag: '"EY984U1A8C4JUEV13ELMLM8KS"',
33 silly registry.get     date: 'Thu, 25 Apr 2013 09:30:21 GMT',
33 silly registry.get     'content-length': '0' } ]
34 verbose etag bcrypt from cache
35 silly addNameRange number 2 { name: 'bcrypt', range: '', hasData: true }
36 silly addNameRange versions [ 'bcrypt',
36 silly addNameRange   [ '0.1.2',
36 silly addNameRange     '0.2.0',
36 silly addNameRange     '0.2.1',
36 silly addNameRange     '0.1.3',
36 silly addNameRange     '0.2.2',
36 silly addNameRange     '0.2.3',
36 silly addNameRange     '0.2.4',
36 silly addNameRange     '0.3.0',
36 silly addNameRange     '0.3.1',
36 silly addNameRange     '0.3.2',
36 silly addNameRange     '0.4.0',
36 silly addNameRange     '0.4.1',
36 silly addNameRange     '0.5.0',
36 silly addNameRange     '0.6.0',
36 silly addNameRange     '0.7.0',
36 silly addNameRange     '0.7.1',
36 silly addNameRange     '0.7.2',
36 silly addNameRange     '0.7.3',
36 silly addNameRange     '0.7.4',
36 silly addNameRange     '0.7.5' ] ]
37 verbose addNamed [ 'bcrypt', '0.7.5' ]
38 verbose addNamed [ '0.7.5', '0.7.5' ]
39 silly lockFile b321d642-bcrypt-0-7-5 bcrypt@0.7.5
40 verbose lock bcrypt@0.7.5 C:\Users\tommy.wang\AppData\Roaming\npm-cache\b321d642-bcrypt-0-7-5.lock
41 verbose read json C:\Users\tommy.wang\AppData\Roaming\npm-cache\bcrypt\0.7.5\package\package.json
42 silly lockFile b321d642-bcrypt-0-7-5 bcrypt@0.7.5
43 silly lockFile b321d642-bcrypt-0-7-5 bcrypt@0.7.5
44 silly lockFile 1351601c-bcrypt bcrypt@
45 silly lockFile 1351601c-bcrypt bcrypt@
46 silly resolved [ { name: 'bcrypt',
46 silly resolved     description: 'A bcrypt library for NodeJS.',
46 silly resolved     keywords:
46 silly resolved      [ 'bcrypt',
46 silly resolved        'password',
46 silly resolved        'auth',
46 silly resolved        'authentication',
46 silly resolved        'encryption',
46 silly resolved        'crypt',
46 silly resolved        'crypto' ],
46 silly resolved     main: './bcrypt',
46 silly resolved     version: '0.7.5',
46 silly resolved     author: { name: 'Nick Campbell', url: 'http://github.com/ncb000gt' },
46 silly resolved     engines: { node: '>= 0.6.0' },
46 silly resolved     repository:
46 silly resolved      { type: 'git',
46 silly resolved        url: 'http://github.com/ncb000gt/node.bcrypt.js.git' },
46 silly resolved     licenses: [ [Object] ],
46 silly resolved     bugs: { url: 'http://github.com/ncb000gt/node.bcrypt.js/issues' },
46 silly resolved     scripts:
46 silly resolved      { test: 'node-gyp configure build && nodeunit test',
46 silly resolved        install: 'node-gyp rebuild' },
46 silly resolved     dependencies: { bindings: '1.0.0' },
46 silly resolved     devDependencies: { nodeunit: '>=0.6.4' },
46 silly resolved     contributors:
46 silly resolved      [ [Object],
46 silly resolved        [Object],
46 silly resolved        [Object],
46 silly resolved        [Object],
46 silly resolved        [Object],
46 silly resolved        [Object],
46 silly resolved        [Object],
46 silly resolved        [Object],
46 silly resolved        [Object],
46 silly resolved        [Object],
46 silly resolved        [Object],
46 silly resolved        [Object],
46 silly resolved        [Object],
46 silly resolved        [Object] ],
46 silly resolved     gypfile: true,
46 silly resolved     readme: 'node.bcrypt.js\n=============\n\n[![Build Status](https://secure.travis-ci.org/ncb000gt/node.bcrypt.js.png)](http://travis-ci.org/#!/ncb000gt/node.bcrypt.js) \n\nLib to help you hash passwords.\n[bcrypt on wikipedia][bcryptwiki]\n\nCatalyst for this module: [How To Safely Store A Password][codahale]\n\nIf You Are Submitting Bugs/Issues\n=============\n\nBecause we can\'t magically know what you are doing to expose an issue, it is best if you provide a snippet of code. This snippet need not include your secret sauce, but it must replicate the issue you are describing. The issues that get closed without resolution tend to be the ones without code examples. Thanks.\n\n\nVersion Compatability\n=============\n\n<table>\n<tr>\n<td>Node Ver</td><td>Bcrypt Version</td>\n</tr>\n<tr>\n<td>&lt;= 0.4.x</td><td>&lt;= 0.4.x</td>\n</tr>\n<tr>\n<td>&gt;= 0.6.x</td><td>&gt;= 0.5.x</td>\n</tr>\n</table>\n\nWindows users should make sure to have at least node 0.8.5 installed and version >= 0.7.1 of this module.  \n`node-gyp` only works with stable/released versions of node. Since the `bcrypt` module uses `node-gyp` to build and install you\'ll need a stable version of node to use bcrypt. If you do not you\'ll likely see an error that starts with:\n\n    gyp ERR! stack Error: "pre" versions of node cannot be installed, use the --nodedir flag instead\n\n\n\nSecurity Issues/Concerns\n=============\n\nAs should be the case with any security tool, this library should be scrutinized by anyone using it. If you find or suspect an issue with the code- please bring it to my attention and I\'ll spend some time trying to make sure that this tool is as secure as possible.\n\nTo make it easier for people using this tool to analyze what has been surveyed, here is a list of BCrypt related security issues/concerns as they\'ve come up.\n\n* An [issue with passwords][jtr] was found with a version of the Blowfish algorithm developed for John the Ripper. This is not present in the OpenBSD version and is thus not a problem for this module. HT [zooko][zooko].\n\nDependencies\n=============\n\n* NodeJS\n* OpenSSL (Development Libraries (header files) for compilation)\n * For Windows you\'ll need http://slproweb.com/products/Win32OpenSSL.html installed to the default location of `C:\\OpenSSL-Win32`\n  * Please note that for this to build properly you\'ll need the Normal version of OpenSSL-Win<arch>, not the Light version. The reason for this is that we need to be able to compile the code using the header files that exist in the Normal version.\n  * For 64 bit use the 64 bit version and install to `C:\\OpenSSL-Win64`\n* `node-gyp`\n * Please check the dependencies for this tool at: https://github.com/TooTallNate/node-gyp/\n  * Windows users will need the options for c# and c++ installed with their visual studio instance.\n  * Python 2.x\n\nFrom NPM\n============\n\n    npm install bcrypt\n\n\nFrom Source\n============\n\nAssuming you\'ve already built node, you can compile the module with `node-gyp`:\n\n    git clone git://github.com/ncb000gt/node.bcrypt.js.git\n    cd node.bcrypt.js\n    node-gyp configure\n    node-gyp build\n\n\nNote: if you do not have node-gyp installed, install it using: `npm install -g node-gyp`\n\nUsage - Sync\n============\n\nTo hash a password:  \n\n```javascript\nvar bcrypt = require(\'bcrypt\');\nvar salt = bcrypt.genSaltSync(10);\nvar hash = bcrypt.hashSync("B4c0/\\/", salt);\n// Store hash in your password DB.\n```\n\nTo check a password:  \n\n```javascript\n// Load hash from your password DB.\nbcrypt.compareSync("B4c0/\\/", hash); // true\nbcrypt.compareSync("not_bacon", hash); // false\n```\n\nAuto-gen a salt and hash:\n\n```javascript\nvar hash = bcrypt.hashSync(\'bacon\', 8);\n```\n\nUsage - Async\n============\n\nTo hash a password:  \n\n```javascript\nvar bcrypt = require(\'bcrypt\');\nbcrypt.genSalt(10, function(err, salt) {\n    bcrypt.hash("B4c0/\\/", salt, function(err, hash) {\n        // Store hash in your password DB.\n    });\n});\n```\n\nTo check a password:  \n\n```javascript\n// Load hash from your password DB.\nbcrypt.compare("B4c0/\\/", hash, function(err, res) {\n    // res == true\n});\nbcrypt.compare("not_bacon", hash, function(err, res) {\n    // res = false\n});\n```\n\nAuto-gen a salt and hash:\n\n```javascript\nbcrypt.hash(\'bacon\', 8, function(err, hash) {\n});\n```\n\nAPI\n============\n\n`BCrypt.`\n\n  * `genSaltSync(rounds, seed_length)`\n    * `rounds` - [OPTIONAL] - the number of rounds to process the data for. (default - 10)\n    * `seed_length` - [OPTIONAL] - RAND_bytes wants a length. to make that a bit flexible, you can specify a seed_length. (default - 20)\n  * `genSalt(rounds, seed_length, cb)`\n    * `rounds` - [OPTIONAL] - the number of rounds to process the data for. (default - 10)\n    * `seed_length` - [OPTIONAL] - RAND_bytes wants a length. to make that a bit flexible, you can specify a seed_length. (default - 20)\n    * `cb` - [REQUIRED] - a callback to be fired once the salt has been generated. uses eio making it asynchronous.\n      * `err` - First parameter to the callback detailing any errors.\n      * `salt` - Second parameter to the callback providing the generated salt.\n  * `hashSync(data, salt)`\n    * `data` - [REQUIRED] - the data to be encrypted.\n    * `salt` - [REQUIRED] - the salt to be used in encryption.\n  * `hash(data, salt, cb)`\n    * `data` - [REQUIRED] - the data to be encrypted.\n    * `salt` - [REQUIRED] - the salt to be used to hash the password. if specified as a number then a salt will be generated and used (see examples).\n    * `cb` - [REQUIRED] - a callback to be fired once the data has been encrypted. uses eio making it asynchronous.\n      * `err` - First parameter to the callback detailing any errors.\n      * `encrypted` - Second parameter to the callback providing the encrypted form.\n  * `compareSync(data, encrypted)`\n    * `data` - [REQUIRED] - data to compare.\n    * `encrypted` - [REQUIRED] - data to be compared to.\n  * `compare(data, encrypted, cb)`\n    * `data` - [REQUIRED] - data to compare.\n    * `encrypted` - [REQUIRED] - data to be compared to.\n    * `cb` - [REQUIRED] - a callback to be fired once the data has been compared. uses eio making it asynchronous.\n      * `err` - First parameter to the callback detailing any errors.\n      * `same` - Second parameter to the callback providing whether the data and encrypted forms match [true | false].\n  * `getRounds(encrypted)` - return the number of rounds used to encrypt a given hash\n    * `encrypted` - [REQUIRED] - hash from which the number of rounds used should be extracted.\n\n\nHash Info\n============\n\nThe characters that comprise the resultant hash are `./ABCDEFGHIJKLMNOPQRSTUVWXYZabcdefghijklmnopqrstuvwxyz0123456789$`.\n\nTesting\n============\n\nIf you create a pull request, tests better pass :)\n\n    npm install\n    npm test\n\nCredits\n============\n\nThe code for this comes from a few sources:\n\n* blowfish.cc - OpenBSD\n* bcrypt.cc - OpenBSD\n* bcrypt::gen_salt - [gen_salt inclusion to bcrypt][bcryptgs]\n* bcrypt_node.cc - me\n\nContributors\n============\n\n* [Antonio Salazar Cardozo][shadowfiend] - Early MacOS X support (when we used libbsd)\n* [Ben Glow][pixelglow] - Fixes for thread safety with async calls\n* [Van Nguyen][thegoleffect] - Found a timing attack in the comparator\n* [NewITFarmer][newitfarmer] - Initial Cygwin support\n* [David Trejo][dtrejo] - packaging fixes\n* [Alfred Westerveld][alfredwesterveld] - packaging fixes\n* [Vincent Côté-Roy][vincentr] - Testing around concurrency issues\n* [Lloyd Hilaiel][lloyd] - Documentation fixes\n* [Roman Shtylman][shtylman] - Code refactoring, general rot reduction, compile options, better memory management with delete and new, and an upgrade to libuv over eio/ev.\n* [Vadim Graboys][vadimg] - Code changes to support 0.5.5+\n* [Ben Noordhuis][bnoordhuis] - Fixed a thread safety issue in nodejs that was perfectly mappable to this module.\n* [Nate Rajlich][tootallnate] - Bindings and build process.\n* [Sean McArthur][seanmonstar] - Windows Support\n* [Fanie Oosthuysen][weareu] - Windows Support\n\nLicense\n============\n\nUnless stated elsewhere, file headers or otherwise, the license as stated in the LICENSE file.\n\n\n\n[bcryptwiki]: http://en.wikipedia.org/wiki/Bcrypt  \n[bcryptgs]: http://mail-index.netbsd.org/tech-crypto/2002/05/24/msg000204.html\n[codahale]: http://codahale.com/how-to-safely-store-a-password/\n[gh13]: https://github.com/ncb000gt/node.bcrypt.js/issues/13\n[jtr]: http://www.openwall.com/lists/oss-security/2011/06/20/2\n\n[shadowfiend]:https://github.com/Shadowfiend\n[thegoleffect]:https://github.com/thegoleffect\n[pixelglow]:https://github.com/pixelglow\n[dtrejo]:https://github.com/dtrejo\n[alfredwesterveld]:https://github.com/alfredwesterveld\n[newitfarmer]:https://github.com/newitfarmer\n[zooko]:https://twitter.com/zooko\n[vincentr]:https://twitter.com/vincentcr\n[lloyd]:https://github.com/lloyd\n[shtylman]:https://github.com/shtylman\n[vadimg]:https://github.com/vadimg\n[bnoordhuis]:https://github.com/bnoordhuis\n[tootallnate]:https://github.com/tootallnate\n[seanmonstar]:https://github.com/seanmonstar\n[weareu]:https://github.com/weareu\n',
46 silly resolved     readmeFilename: 'README.md',
46 silly resolved     _id: 'bcrypt@0.7.5',
46 silly resolved     _from: 'bcrypt@' } ]
47 info install bcrypt@0.7.5 into D:\research\WishList\wishList-1
48 info installOne bcrypt@0.7.5
49 verbose from cache C:\Users\tommy.wang\AppData\Roaming\npm-cache\bcrypt\0.7.5\package\package.json
50 info D:\research\WishList\wishList-1\node_modules\bcrypt unbuild
51 verbose read json D:\research\WishList\wishList-1\node_modules\bcrypt\package.json
52 verbose tar unpack C:\Users\tommy.wang\AppData\Roaming\npm-cache\bcrypt\0.7.5\package.tgz
53 silly lockFile dc7f42f7-t-wishList-1-node-modules-bcrypt D:\research\WishList\wishList-1\node_modules\bcrypt
54 verbose lock D:\research\WishList\wishList-1\node_modules\bcrypt C:\Users\tommy.wang\AppData\Roaming\npm-cache\dc7f42f7-t-wishList-1-node-modules-bcrypt.lock
55 silly lockFile 01d70b43-m-cache-bcrypt-0-7-5-package-tgz C:\Users\tommy.wang\AppData\Roaming\npm-cache\bcrypt\0.7.5\package.tgz
56 verbose lock C:\Users\tommy.wang\AppData\Roaming\npm-cache\bcrypt\0.7.5\package.tgz C:\Users\tommy.wang\AppData\Roaming\npm-cache\01d70b43-m-cache-bcrypt-0-7-5-package-tgz.lock
57 silly gunzTarPerm modes [ '755', '644' ]
58 silly gunzTarPerm extractEntry package.json
59 silly gunzTarPerm modified mode [ 'package.json', 438, 420 ]
60 silly gunzTarPerm extractEntry .npmignore
61 silly gunzTarPerm modified mode [ '.npmignore', 438, 420 ]
62 silly gunzTarPerm extractEntry README.md
63 silly gunzTarPerm modified mode [ 'README.md', 438, 420 ]
64 silly gunzTarPerm extractEntry LICENSE
65 silly gunzTarPerm modified mode [ 'LICENSE', 438, 420 ]
66 silly gunzTarPerm extractEntry bcrypt.js
67 silly gunzTarPerm modified mode [ 'bcrypt.js', 438, 420 ]
68 silly gunzTarPerm extractEntry CHANGELOG
69 silly gunzTarPerm modified mode [ 'CHANGELOG', 438, 420 ]
70 silly gunzTarPerm extractEntry examples/async_compare.js
71 silly gunzTarPerm modified mode [ 'examples/async_compare.js', 438, 420 ]
72 silly gunzTarPerm extractEntry examples/forever_gen_salt.js
73 silly gunzTarPerm modified mode [ 'examples/forever_gen_salt.js', 438, 420 ]
74 silly gunzTarPerm extractEntry .travis.yml
75 silly gunzTarPerm modified mode [ '.travis.yml', 438, 420 ]
76 silly gunzTarPerm extractEntry Makefile
77 silly gunzTarPerm modified mode [ 'Makefile', 438, 420 ]
78 silly gunzTarPerm extractEntry binding.gyp
79 silly gunzTarPerm modified mode [ 'binding.gyp', 438, 420 ]
80 silly gunzTarPerm extractEntry src/bcrypt.cc
81 silly gunzTarPerm modified mode [ 'src/bcrypt.cc', 438, 420 ]
82 silly gunzTarPerm extractEntry src/bcrypt_node.cc
83 silly gunzTarPerm modified mode [ 'src/bcrypt_node.cc', 438, 420 ]
84 silly gunzTarPerm extractEntry src/blowfish.cc
85 silly gunzTarPerm modified mode [ 'src/blowfish.cc', 438, 420 ]
86 silly gunzTarPerm extractEntry src/node_blf.h
87 silly gunzTarPerm modified mode [ 'src/node_blf.h', 438, 420 ]
88 silly gunzTarPerm extractEntry test/async.js
89 silly gunzTarPerm modified mode [ 'test/async.js', 438, 420 ]
90 silly gunzTarPerm extractEntry test/deprecated.js
91 silly gunzTarPerm modified mode [ 'test/deprecated.js', 438, 420 ]
92 silly gunzTarPerm extractEntry test/repetitions.js
93 silly gunzTarPerm modified mode [ 'test/repetitions.js', 438, 420 ]
94 silly gunzTarPerm extractEntry test/sync.js
95 silly gunzTarPerm modified mode [ 'test/sync.js', 438, 420 ]
96 silly gunzTarPerm extractEntry wscript
97 silly gunzTarPerm modified mode [ 'wscript', 438, 420 ]
98 verbose read json D:\research\WishList\wishList-1\node_modules\bcrypt\package.json
99 silly lockFile dc7f42f7-t-wishList-1-node-modules-bcrypt D:\research\WishList\wishList-1\node_modules\bcrypt
100 silly lockFile dc7f42f7-t-wishList-1-node-modules-bcrypt D:\research\WishList\wishList-1\node_modules\bcrypt
101 silly lockFile 01d70b43-m-cache-bcrypt-0-7-5-package-tgz C:\Users\tommy.wang\AppData\Roaming\npm-cache\bcrypt\0.7.5\package.tgz
102 silly lockFile 01d70b43-m-cache-bcrypt-0-7-5-package-tgz C:\Users\tommy.wang\AppData\Roaming\npm-cache\bcrypt\0.7.5\package.tgz
103 info preinstall bcrypt@0.7.5
104 verbose from cache D:\research\WishList\wishList-1\node_modules\bcrypt\package.json
105 verbose readDependencies using package.json deps
106 verbose from cache D:\research\WishList\wishList-1\node_modules\bcrypt\package.json
107 verbose readDependencies using package.json deps
108 verbose cache add [ 'bindings@1.0.0', null ]
109 verbose cache add name=undefined spec="bindings@1.0.0" args=["bindings@1.0.0",null]
110 verbose parsed url { protocol: null,
110 verbose parsed url   slashes: null,
110 verbose parsed url   auth: null,
110 verbose parsed url   host: null,
110 verbose parsed url   port: null,
110 verbose parsed url   hostname: null,
110 verbose parsed url   hash: null,
110 verbose parsed url   search: null,
110 verbose parsed url   query: null,
110 verbose parsed url   pathname: 'bindings@1.0.0',
110 verbose parsed url   path: 'bindings@1.0.0',
110 verbose parsed url   href: 'bindings@1.0.0' }
111 verbose cache add name="bindings" spec="1.0.0" args=["bindings","1.0.0"]
112 verbose parsed url { protocol: null,
112 verbose parsed url   slashes: null,
112 verbose parsed url   auth: null,
112 verbose parsed url   host: null,
112 verbose parsed url   port: null,
112 verbose parsed url   hostname: null,
112 verbose parsed url   hash: null,
112 verbose parsed url   search: null,
112 verbose parsed url   query: null,
112 verbose parsed url   pathname: '1.0.0',
112 verbose parsed url   path: '1.0.0',
112 verbose parsed url   href: '1.0.0' }
113 verbose addNamed [ 'bindings', '1.0.0' ]
114 verbose addNamed [ '1.0.0', '1.0.0' ]
115 silly lockFile f01e5454-bindings-1-0-0 bindings@1.0.0
116 verbose lock bindings@1.0.0 C:\Users\tommy.wang\AppData\Roaming\npm-cache\f01e5454-bindings-1-0-0.lock
117 verbose url raw bindings/1.0.0
118 verbose url resolving [ 'https://registry.npmjs.org/', './bindings/1.0.0' ]
119 verbose url resolved https://registry.npmjs.org/bindings/1.0.0
120 info trying registry request attempt 1 at 17:30:24
121 verbose etag "CFVJVT1GCZS3UUVQEXZASBJH7"
122 http GET https://registry.npmjs.org/bindings/1.0.0
123 http 304 https://registry.npmjs.org/bindings/1.0.0
124 silly registry.get cb [ 304,
124 silly registry.get   { server: 'CouchDB/1.3.0 (Erlang OTP/R15B03)',
124 silly registry.get     etag: '"CFVJVT1GCZS3UUVQEXZASBJH7"',
124 silly registry.get     date: 'Thu, 25 Apr 2013 09:30:29 GMT',
124 silly registry.get     'content-length': '0' } ]
125 verbose etag bindings/1.0.0 from cache
126 verbose read json C:\Users\tommy.wang\AppData\Roaming\npm-cache\bindings\1.0.0\package\package.json
127 silly lockFile f01e5454-bindings-1-0-0 bindings@1.0.0
128 silly lockFile f01e5454-bindings-1-0-0 bindings@1.0.0
129 silly resolved [ { name: 'bindings',
129 silly resolved     description: 'Helper module for loading your native module\'s .node file',
129 silly resolved     keywords: [ 'native', 'addon', 'bindings', 'gyp', 'waf', 'c', 'c++' ],
129 silly resolved     version: '1.0.0',
129 silly resolved     author:
129 silly resolved      { name: 'Nathan Rajlich',
129 silly resolved        email: 'nathan@tootallnate.net',
129 silly resolved        url: 'http://tootallnate.net' },
129 silly resolved     repository:
129 silly resolved      { type: 'git',
129 silly resolved        url: 'git://github.com/TooTallNate/node-bindings.git' },
129 silly resolved     main: './bindings.js',
129 silly resolved     readme: 'node-bindings\n=============\n### Helper module for loading your native module\'s .node file\n\nThis is a helper module for authors of Node.js native addon modules.\nIt is basically the "swiss army knife" of `require()`ing your native module\'s\n`.node` file.\n\nThroughout the course of Node\'s native addon history, addons have ended up being\ncompiled in a variety of different places, depending on which build tool and which\nversion of node was used. To make matters worse, now the _gyp_ build tool can\nproduce either a _Release_ or _Debug_ build, each being built into different\nlocations.\n\nThis module checks _all_ the possible locations that a native addon would be built\nat, and returns the first one that loads successfully.\n\n\nInstallation\n------------\n\nInstall with `npm`:\n\n``` bash\n$ npm install bindings\n```\n\nOr add it to the `"dependencies"` section of your _package.json_ file.\n\n\nExample\n-------\n\n`require()`ing the proper bindings file for the current node version, platform\nand architecture is as simple as:\n\n``` js\nvar bindings = require(\'bindings\')(\'binding.node\')\n\n// Use your bindings defined in your C files\nbindings.your_c_function()\n```\n\n\nNice Error Output\n-----------------\n\nWhen the `.node` file could not be loaded, `node-bindings` throws an Error with\na nice error message telling you exactly what was tried. You can also check the\n`err.tries` Array property.\n\n```\nError: Could not load the bindings file. Tried:\n → /Users/nrajlich/ref/build/binding.node\n → /Users/nrajlich/ref/build/Debug/binding.node\n → /Users/nrajlich/ref/build/Release/binding.node\n → /Users/nrajlich/ref/out/Debug/binding.node\n → /Users/nrajlich/ref/Debug/binding.node\n → /Users/nrajlich/ref/out/Release/binding.node\n → /Users/nrajlich/ref/Release/binding.node\n → /Users/nrajlich/ref/build/default/binding.node\n → /Users/nrajlich/ref/compiled/0.8.2/darwin/x64/binding.node\n    at bindings (/Users/nrajlich/ref/node_modules/bindings/bindings.js:84:13)\n    at Object.<anonymous> (/Users/nrajlich/ref/lib/ref.js:5:47)\n    at Module._compile (module.js:449:26)\n    at Object.Module._extensions..js (module.js:467:10)\n    at Module.load (module.js:356:32)\n    at Function.Module._load (module.js:312:12)\n    ...\n```\n\n\nLicense\n-------\n\n(The MIT License)\n\nCopyright (c) 2012 Nathan Rajlich &lt;nathan@tootallnate.net&gt;\n\nPermission is hereby granted, free of charge, to any person obtaining\na copy of this software and associated documentation files (the\n\'Software\'), to deal in the Software without restriction, including\nwithout limitation the rights to use, copy, modify, merge, publish,\ndistribute, sublicense, and/or sell copies of the Software, and to\npermit persons to whom the Software is furnished to do so, subject to\nthe following conditions:\n\nThe above copyright notice and this permission notice shall be\nincluded in all copies or substantial portions of the Software.\n\nTHE SOFTWARE IS PROVIDED \'AS IS\', WITHOUT WARRANTY OF ANY KIND,\nEXPRESS OR IMPLIED, INCLUDING BUT NOT LIMITED TO THE WARRANTIES OF\nMERCHANTABILITY, FITNESS FOR A PARTICULAR PURPOSE AND NONINFRINGEMENT.\nIN NO EVENT SHALL THE AUTHORS OR COPYRIGHT HOLDERS BE LIABLE FOR ANY\nCLAIM, DAMAGES OR OTHER LIABILITY, WHETHER IN AN ACTION OF CONTRACT,\nTORT OR OTHERWISE, ARISING FROM, OUT OF OR IN CONNECTION WITH THE\nSOFTWARE OR THE USE OR OTHER DEALINGS IN THE SOFTWARE.\n',
129 silly resolved     readmeFilename: 'README.md',
129 silly resolved     _id: 'bindings@1.0.0',
129 silly resolved     _from: 'bindings@1.0.0' } ]
130 info install bindings@1.0.0 into D:\research\WishList\wishList-1\node_modules\bcrypt
131 info installOne bindings@1.0.0
132 verbose from cache C:\Users\tommy.wang\AppData\Roaming\npm-cache\bindings\1.0.0\package\package.json
133 info D:\research\WishList\wishList-1\node_modules\bcrypt\node_modules\bindings unbuild
134 verbose read json D:\research\WishList\wishList-1\node_modules\bcrypt\node_modules\bindings\package.json
135 verbose tar unpack C:\Users\tommy.wang\AppData\Roaming\npm-cache\bindings\1.0.0\package.tgz
136 silly lockFile c6e38366-les-bcrypt-node-modules-bindings D:\research\WishList\wishList-1\node_modules\bcrypt\node_modules\bindings
137 verbose lock D:\research\WishList\wishList-1\node_modules\bcrypt\node_modules\bindings C:\Users\tommy.wang\AppData\Roaming\npm-cache\c6e38366-les-bcrypt-node-modules-bindings.lock
138 silly lockFile 1bdbde15-cache-bindings-1-0-0-package-tgz C:\Users\tommy.wang\AppData\Roaming\npm-cache\bindings\1.0.0\package.tgz
139 verbose lock C:\Users\tommy.wang\AppData\Roaming\npm-cache\bindings\1.0.0\package.tgz C:\Users\tommy.wang\AppData\Roaming\npm-cache\1bdbde15-cache-bindings-1-0-0-package-tgz.lock
140 silly gunzTarPerm modes [ '755', '644' ]
141 silly gunzTarPerm extractEntry package.json
142 silly gunzTarPerm modified mode [ 'package.json', 438, 420 ]
143 silly gunzTarPerm extractEntry README.md
144 silly gunzTarPerm modified mode [ 'README.md', 438, 420 ]
145 silly gunzTarPerm extractEntry bindings.js
146 silly gunzTarPerm modified mode [ 'bindings.js', 438, 420 ]
147 verbose read json D:\research\WishList\wishList-1\node_modules\bcrypt\node_modules\bindings\package.json
148 silly lockFile c6e38366-les-bcrypt-node-modules-bindings D:\research\WishList\wishList-1\node_modules\bcrypt\node_modules\bindings
149 silly lockFile c6e38366-les-bcrypt-node-modules-bindings D:\research\WishList\wishList-1\node_modules\bcrypt\node_modules\bindings
150 silly lockFile 1bdbde15-cache-bindings-1-0-0-package-tgz C:\Users\tommy.wang\AppData\Roaming\npm-cache\bindings\1.0.0\package.tgz
151 silly lockFile 1bdbde15-cache-bindings-1-0-0-package-tgz C:\Users\tommy.wang\AppData\Roaming\npm-cache\bindings\1.0.0\package.tgz
152 info preinstall bindings@1.0.0
153 verbose from cache D:\research\WishList\wishList-1\node_modules\bcrypt\node_modules\bindings\package.json
154 verbose readDependencies using package.json deps
155 verbose from cache D:\research\WishList\wishList-1\node_modules\bcrypt\node_modules\bindings\package.json
156 verbose readDependencies using package.json deps
157 silly resolved []
158 verbose about to build D:\research\WishList\wishList-1\node_modules\bcrypt\node_modules\bindings
159 info build D:\research\WishList\wishList-1\node_modules\bcrypt\node_modules\bindings
160 verbose from cache D:\research\WishList\wishList-1\node_modules\bcrypt\node_modules\bindings\package.json
161 verbose linkStuff [ false,
161 verbose linkStuff   false,
161 verbose linkStuff   false,
161 verbose linkStuff   'D:\\research\\WishList\\wishList-1\\node_modules\\bcrypt\\node_modules' ]
162 info linkStuff bindings@1.0.0
163 verbose linkBins bindings@1.0.0
164 verbose linkMans bindings@1.0.0
165 verbose rebuildBundles bindings@1.0.0
166 info install bindings@1.0.0
167 info postinstall bindings@1.0.0
168 verbose about to build D:\research\WishList\wishList-1\node_modules\bcrypt
169 info build D:\research\WishList\wishList-1\node_modules\bcrypt
170 verbose from cache D:\research\WishList\wishList-1\node_modules\bcrypt\package.json
171 verbose linkStuff [ false,
171 verbose linkStuff   false,
171 verbose linkStuff   false,
171 verbose linkStuff   'D:\\research\\WishList\\wishList-1\\node_modules' ]
172 info linkStuff bcrypt@0.7.5
173 verbose linkBins bcrypt@0.7.5
174 verbose linkMans bcrypt@0.7.5
175 verbose rebuildBundles bcrypt@0.7.5
176 verbose rebuildBundles [ 'bindings' ]
177 info install bcrypt@0.7.5
178 verbose unsafe-perm in lifecycle true
179 silly exec cmd "/c" "node-gyp rebuild"
180 silly cmd,/c,node-gyp rebuild,D:\research\WishList\wishList-1\node_modules\bcrypt spawning
181 info bcrypt@0.7.5 Failed to exec install script
182 info D:\research\WishList\wishList-1\node_modules\bcrypt unbuild
183 verbose from cache D:\research\WishList\wishList-1\node_modules\bcrypt\package.json
184 info preuninstall bcrypt@0.7.5
185 info uninstall bcrypt@0.7.5
186 verbose true,D:\research\WishList\wishList-1\node_modules,D:\research\WishList\wishList-1\node_modules unbuild bcrypt@0.7.5
187 info postuninstall bcrypt@0.7.5
188 error bcrypt@0.7.5 install: `node-gyp rebuild`
188 error `cmd "/c" "node-gyp rebuild"` failed with 1
189 error Failed at the bcrypt@0.7.5 install script.
189 error This is most likely a problem with the bcrypt package,
189 error not with npm itself.
189 error Tell the author that this fails on your system:
189 error     node-gyp rebuild
189 error You can get their info via:
189 error     npm owner ls bcrypt
189 error There is likely additional logging output above.
190 error System Windows_NT 6.1.7601
191 error command "C:\\Program Files\\nodejs\\\\node.exe" "C:\\Program Files\\nodejs\\node_modules\\npm\\bin\\npm-cli.js" "install" "bcrypt"
192 error cwd D:\research\WishList\wishList-1
193 error node -v v0.10.5
194 error npm -v 1.2.18
195 error code ELIFECYCLE
196 verbose exit [ 1, true ]
